project/apps/mobile/android/build-china/outputs/logs/manifest-merger-china-release-report.txt
-- Merging decision tree log ---
manifest
ADDED from src/main/AndroidManifest.xml:1:1-49:12
MERGED from src/main/AndroidManifest.xml:1:1-49:12
INJECTED from src/china/AndroidManifest.xml:1:1-25:12
INJECTED from src/china/AndroidManifest.xml:1:1-25:12
INJECTED from src/china/AndroidManifest.xml:1:1-25:12
MERGED from [:react-native-async-storage_async-storage] AndroidManifest.xml:2:1-7:12
MERGED from [:react-native-community_masked-view] AndroidManifest.xml:2:1-7:12
MERGED from [:react-native-firebase_analytics] AndroidManifest.xml:2:1-41:12
MERGED from [:react-native-firebase_messaging] AndroidManifest.xml:2:1-49:12
MERGED from [:react-native-firebase_app] AndroidManifest.xml:2:1-30:12
MERGED from [:expo] AndroidManifest.xml:2:1-7:12
MERGED from [:jcore-react-native] AndroidManifest.xml:2:1-41:12
MERGED from [:jpush-react-native] AndroidManifest.xml:2:1-56:12
MERGED from [:react-native-gesture-handler] AndroidManifest.xml:2:1-7:12
MERGED from [:react-native-safe-area-context] AndroidManifest.xml:2:1-7:12
MERGED from [:react-native-screens] AndroidManifest.xml:2:1-7:12
MERGED from [:react-native-svg] AndroidManifest.xml:2:1-7:12
MERGED from [:react-native-vector-icons] AndroidManifest.xml:2:1-7:12
MERGED from [:expo-application] AndroidManifest.xml:2:1-7:12
MERGED from [:expo-asset] AndroidManifest.xml:2:1-7:12
MERGED from [:expo-clipboard] AndroidManifest.xml:2:1-18:12
MERGED from [:expo-constants] AndroidManifest.xml:2:1-7:12
MERGED from [:expo-crypto] AndroidManifest.xml:2:1-7:12
MERGED from [:expo-device] AndroidManifest.xml:2:1-7:12
MERGED from [:expo-document-picker] AndroidManifest.xml:2:1-20:12
MERGED from [:expo-file-system] AndroidManifest.xml:2:1-33:12
MERGED from [:expo-font] AndroidManifest.xml:2:1-7:12
MERGED from [:expo-image-loader] AndroidManifest.xml:2:1-7:12
MERGED from [:expo-image-picker] AndroidManifest.xml:2:1-59:12
MERGED from [:expo-keep-awake] AndroidManifest.xml:2:1-7:12
MERGED from [:expo-notifications] AndroidManifest.xml:2:1-43:12
MERGED from [:expo-secure-store] AndroidManifest.xml:2:1-7:12
MERGED from [:expo-web-browser] AndroidManifest.xml:2:1-15:12
MERGED from [:expo-modules-core] AndroidManifest.xml:2:1-18:12
MERGED from [com.facebook.react:react-android:0.74.0] AndroidManifest.xml:2:1-12:12
MERGED from [androidx.appcompat:appcompat-resources:1.6.1] AndroidManifest.xml:17:1-22:12
MERGED from [com.google.android.material:material:1.6.1] AndroidManifest.xml:17:1-26:12
MERGED from [com.github.CanHub:Android-Image-Cropper:4.3.1] AndroidManifest.xml:2:1-38:12
MERGED from [androidx.biometric:biometric:1.1.0] AndroidManifest.xml:17:1-29:12
MERGED from [androidx.constraintlayout:constraintlayout:2.0.1] AndroidManifest.xml:2:1-11:12
MERGED from [androidx.appcompat:appcompat:1.6.1] AndroidManifest.xml:17:1-22:12
MERGED from [com.facebook.fresco:imagepipeline-okhttp3:3.1.3] AndroidManifest.xml:2:1-7:12
MERGED from [com.facebook.fresco:fresco:3.1.3] AndroidManifest.xml:2:1-7:12
MERGED from [com.facebook.fresco:animated-gif:3.1.3] AndroidManifest.xml:2:1-7:12
MERGED from [com.facebook.fresco:animated-base:3.1.3] AndroidManifest.xml:2:1-7:12
MERGED from [com.facebook.fresco:animated-drawable:3.1.3] AndroidManifest.xml:2:1-7:12
MERGED from [com.facebook.fresco:vito-options:3.1.3] AndroidManifest.xml:2:1-7:12
MERGED from [com.facebook.fresco:drawee:3.1.3] AndroidManifest.xml:2:1-7:12
MERGED from [com.facebook.fresco:nativeimagefilters:3.1.3] AndroidManifest.xml:2:1-7:12
MERGED from [com.facebook.fresco:memory-type-native:3.1.3] AndroidManifest.xml:2:1-7:12
MERGED from [com.facebook.fresco:memory-type-java:3.1.3] AndroidManifest.xml:2:1-7:12
MERGED from [com.facebook.fresco:imagepipeline-native:3.1.3] AndroidManifest.xml:2:1-7:12
MERGED from [com.facebook.fresco:memory-type-ashmem:3.1.3] AndroidManifest.xml:2:1-7:12
MERGED from [com.facebook.fresco:imagepipeline:3.1.3] AndroidManifest.xml:2:1-7:12
MERGED from [com.google.firebase:firebase-messaging:24.1.1] AndroidManifest.xml:17:1-66:12
MERGED from [com.google.firebase:firebase-analytics:22.4.0] AndroidManifest.xml:2:1-9:12
MERGED from [com.google.android.gms:play-services-measurement-api:22.4.0] AndroidManifest.xml:17:1-39:12
MERGED from [com.google.firebase:firebase-installations:18.0.0] AndroidManifest.xml:2:1-24:12
MERGED from [com.google.firebase:firebase-common-ktx:21.0.0] AndroidManifest.xml:2:1-18:12
MERGED from [com.google.firebase:firebase-common:21.0.0] AndroidManifest.xml:15:1-41:12
MERGED from [com.google.android.gms:play-services-auth:21.3.0] AndroidManifest.xml:17:1-40:12
MERGED from [com.google.android.gms:play-services-auth-api-phone:18.0.2] AndroidManifest.xml:2:1-7:12
MERGED from [com.google.android.gms:play-services-auth-base:18.0.10] AndroidManifest.xml:2:1-7:12
MERGED from [com.google.android.gms:play-services-fido:20.0.1] AndroidManifest.xml:2:1-10:12
MERGED from [com.google.android.gms:play-services-measurement:22.4.0] AndroidManifest.xml:17:1-46:12
MERGED from [com.google.android.gms:play-services-measurement-sdk:22.4.0] AndroidManifest.xml:17:1-25:12
MERGED from [com.google.android.gms:play-services-measurement-impl:22.4.0] AndroidManifest.xml:17:1-32:12
MERGED from [com.google.android.gms:play-services-base:18.5.0] AndroidManifest.xml:2:1-7:12
MERGED from [androidx.legacy:legacy-support-v4:1.0.0] AndroidManifest.xml:17:1-22:12
MERGED from [com.github.bumptech.glide:glide:4.16.0] AndroidManifest.xml:2:1-9:12
MERGED from [androidx.viewpager2:viewpager2:1.0.0] AndroidManifest.xml:17:1-24:12
MERGED from [com.google.firebase:firebase-iid-interop:17.1.0] AndroidManifest.xml:2:1-10:12
MERGED from [com.google.android.gms:play-services-cloud-messaging:17.2.0] AndroidManifest.xml:2:1-13:12
MERGED from [com.google.firebase:firebase-installations-interop:17.1.1] AndroidManifest.xml:15:1-19:12
MERGED from [androidx.activity:activity:1.7.2] AndroidManifest.xml:17:1-22:12
MERGED from [androidx.activity:activity-ktx:1.7.2] AndroidManifest.xml:17:1-22:12
MERGED from [androidx.autofill:autofill:1.1.0] AndroidManifest.xml:17:1-24:12
MERGED from [androidx.legacy:legacy-support-core-ui:1.0.0] AndroidManifest.xml:17:1-22:12
MERGED from [androidx.swiperefreshlayout:swiperefreshlayout:1.1.0] AndroidManifest.xml:17:1-24:12
MERGED from [com.facebook.fresco:webpsupport:3.1.3] AndroidManifest.xml:2:1-7:12
MERGED from [com.facebook.fresco:nativeimagetranscoder:3.1.3] AndroidManifest.xml:2:1-7:12
MERGED from [com.facebook.fresco:imagepipeline-base:3.1.3] AndroidManifest.xml:2:1-7:12
MERGED from [com.facebook.fresco:middleware:3.1.3] AndroidManifest.xml:2:1-7:12
MERGED from [com.facebook.fresco:ui-common:3.1.3] AndroidManifest.xml:2:1-7:12
MERGED from [com.facebook.fresco:soloader:3.1.3] AndroidManifest.xml:2:1-7:12
MERGED from [com.facebook.fresco:fbcore:3.1.3] AndroidManifest.xml:2:1-7:12
MERGED from [androidx.coordinatorlayout:coordinatorlayout:1.2.0] AndroidManifest.xml:17:1-24:12
MERGED from [androidx.emoji2:emoji2-views-helper:1.2.0] AndroidManifest.xml:2:1-7:12
MERGED from [androidx.emoji2:emoji2:1.2.0] AndroidManifest.xml:17:1-35:12
MERGED from [androidx.vectordrawable:vectordrawable-animated:1.1.0] AndroidManifest.xml:17:1-24:12
MERGED from [androidx.vectordrawable:vectordrawable:1.1.0] AndroidManifest.xml:17:1-24:12
MERGED from [androidx.dynamicanimation:dynamicanimation:1.0.0] AndroidManifest.xml:17:1-22:12
MERGED from [com.google.android.gms:play-services-stats:17.0.2] AndroidManifest.xml:2:1-9:12
MERGED from [androidx.legacy:legacy-support-core-utils:1.0.0] AndroidManifest.xml:17:1-22:12
MERGED from [androidx.loader:loader:1.1.0] AndroidManifest.xml:17:1-24:12
MERGED from [androidx.savedstate:savedstate-ktx:1.2.1] AndroidManifest.xml:17:1-22:12
MERGED from [androidx.savedstate:savedstate:1.2.1] AndroidManifest.xml:17:1-22:12
MERGED from [androidx.lifecycle:lifecycle-process:2.6.1] AndroidManifest.xml:17:1-35:12
MERGED from [androidx.lifecycle:lifecycle-livedata-core:2.6.1] AndroidManifest.xml:17:1-22:12
MERGED from [androidx.lifecycle:lifecycle-viewmodel:2.6.1] AndroidManifest.xml:17:1-22:12
MERGED from [androidx.lifecycle:lifecycle-viewmodel-savedstate:2.6.1] AndroidManifest.xml:17:1-22:12
MERGED from [androidx.privacysandbox.ads:ads-adservices-java:1.1.0-beta11] AndroidManifest.xml:2:1-7:12
MERGED from [androidx.privacysandbox.ads:ads-adservices:1.1.0-beta11] AndroidManifest.xml:17:1-28:12
MERGED from [androidx.core:core-ktx:1.12.0] AndroidManifest.xml:2:1-7:12
MERGED from [androidx.browser:browser:1.6.0] AndroidManifest.xml:2:1-7:12
MERGED from [androidx.drawerlayout:drawerlayout:1.1.1] AndroidManifest.xml:17:1-24:12
MERGED from [androidx.transition:transition:1.2.0] AndroidManifest.xml:17:1-24:12
MERGED from [androidx.viewpager:viewpager:1.0.0] AndroidManifest.xml:17:1-22:12
MERGED from [androidx.media:media:1.0.0] AndroidManifest.xml:17:1-22:12
MERGED from [androidx.recyclerview:recyclerview:1.1.0] AndroidManifest.xml:17:1-24:12
MERGED from [androidx.slidingpanelayout:slidingpanelayout:1.0.0] AndroidManifest.xml:17:1-22:12
MERGED from [androidx.customview:customview:1.1.0] AndroidManifest.xml:17:1-24:12
MERGED from [androidx.asynclayoutinflater:asynclayoutinflater:1.0.0] AndroidManifest.xml:17:1-22:12
MERGED from [androidx.core:core:1.12.0] AndroidManifest.xml:17:1-30:12
MERGED from [androidx.lifecycle:lifecycle-runtime:2.6.1] AndroidManifest.xml:2:1-7:12
MERGED from [androidx.lifecycle:lifecycle-viewmodel-ktx:2.6.1] AndroidManifest.xml:17:1-22:12
MERGED from [androidx.lifecycle:lifecycle-runtime-ktx:2.6.1] AndroidManifest.xml:17:1-22:12
MERGED from [com.google.android.gms:play-services-tasks:18.2.0] AndroidManifest.xml:2:1-5:12
MERGED from [com.google.firebase:firebase-measurement-connector:19.0.0] AndroidManifest.xml:17:1-25:12
MERGED from [com.google.android.gms:play-services-ads-identifier:18.0.0] AndroidManifest.xml:17:1-27:12
MERGED from [com.google.android.gms:play-services-measurement-sdk-api:22.4.0] AndroidManifest.xml:17:1-30:12
MERGED from [com.google.android.gms:play-services-measurement-base:22.4.0] AndroidManifest.xml:2:1-9:12
MERGED from [com.google.android.gms:play-services-basement:18.5.0] AndroidManifest.xml:16:1-26:12
MERGED from [androidx.fragment:fragment:1.5.7] AndroidManifest.xml:17:1-24:12
MERGED from [androidx.profileinstaller:profileinstaller:1.3.0] AndroidManifest.xml:17:1-55:12
MERGED from [androidx.startup:startup-runtime:1.1.1] AndroidManifest.xml:17:1-33:12
MERGED from [androidx.tracing:tracing:1.2.0] AndroidManifest.xml:17:1-22:12
MERGED from [androidx.tracing:tracing-ktx:1.2.0] AndroidManifest.xml:17:1-22:12
MERGED from [com.facebook.fresco:vito-renderer:3.1.3] AndroidManifest.xml:2:1-7:12
MERGED from [androidx.annotation:annotation-experimental:1.3.0] AndroidManifest.xml:17:1-22:12
MERGED from [com.facebook.react:hermes-android:0.74.0] AndroidManifest.xml:2:1-7:12
MERGED from [androidx.cursoradapter:cursoradapter:1.0.0] AndroidManifest.xml:17:1-22:12
MERGED from [androidx.interpolator:interpolator:1.0.0] AndroidManifest.xml:17:1-22:12
MERGED from [androidx.cardview:cardview:1.0.0] AndroidManifest.xml:17:1-22:12
MERGED from [androidx.versionedparcelable:versionedparcelable:1.1.1] AndroidManifest.xml:17:1-27:12
MERGED from [com.google.firebase:firebase-components:18.0.0] AndroidManifest.xml:15:1-20:12
MERGED from [com.google.firebase:firebase-datatransport:18.2.0] AndroidManifest.xml:15:1-31:12
MERGED from [com.google.android.datatransport:transport-backend-cct:3.1.9] AndroidManifest.xml:15:1-37:12
MERGED from [com.google.firebase:firebase-encoders-json:18.0.0] AndroidManifest.xml:15:1-23:12
MERGED from [com.google.android.datatransport:transport-runtime:3.1.9] AndroidManifest.xml:15:1-41:12
MERGED from [com.google.android.datatransport:transport-api:3.1.0] AndroidManifest.xml:15:1-20:12
MERGED from [androidx.exifinterface:exifinterface:1.3.6] AndroidManifest.xml:17:1-24:12
MERGED from [com.github.bumptech.glide:gifdecoder:4.16.0] AndroidManifest.xml:2:1-9:12
MERGED from [androidx.databinding:viewbinding:7.2.1] AndroidManifest.xml:17:1-24:12
MERGED from [androidx.documentfile:documentfile:1.0.0] AndroidManifest.xml:17:1-22:12
MERGED from [androidx.localbroadcastmanager:localbroadcastmanager:1.0.0] AndroidManifest.xml:17:1-22:12
MERGED from [androidx.print:print:1.0.0] AndroidManifest.xml:17:1-22:12
MERGED from [androidx.arch.core:core-runtime:2.2.0] AndroidManifest.xml:17:1-22:12
MERGED from [com.facebook.fbjni:fbjni:0.6.0] AndroidManifest.xml:2:1-7:12
MERGED from [com.facebook.soloader:soloader:0.10.5] AndroidManifest.xml:2:1-17:12
MERGED from [cn.jiguang.sdk:jpush:6.1.0] AndroidManifest.xml:2:1-152:12
MERGED from [cn.jiguang.sdk:jcore:5.4.0] AndroidManifest.xml:2:1-20:12
MERGED from [com.android.installreferrer:installreferrer:2.2] AndroidManifest.xml:2:1-13:12
MERGED from [me.leolin:ShortcutBadger:1.1.22] AndroidManifest.xml:2:1-52:12
	package
		INJECTED from src/china/AndroidManifest.xml
	android:versionName
		INJECTED from src/china/AndroidManifest.xml
	xmlns:tools
		ADDED from src/main/AndroidManifest.xml:1:70-116
	android:versionCode
		INJECTED from src/china/AndroidManifest.xml
	xmlns:android
		ADDED from src/main/AndroidManifest.xml:1:11-69
uses-permission#android.permission.INTERNET
ADDED from src/main/AndroidManifest.xml:2:3-64
MERGED from [:react-native-firebase_analytics] AndroidManifest.xml:8:5-67
MERGED from [:react-native-firebase_analytics] AndroidManifest.xml:8:5-67
MERGED from [:react-native-firebase_messaging] AndroidManifest.xml:7:5-67
MERGED from [:react-native-firebase_messaging] AndroidManifest.xml:7:5-67
MERGED from [:jpush-react-native] AndroidManifest.xml:12:5-67
MERGED from [:jpush-react-native] AndroidManifest.xml:12:5-67
MERGED from [:expo-file-system] AndroidManifest.xml:8:5-67
MERGED from [:expo-file-system] AndroidManifest.xml:8:5-67
MERGED from [com.google.android.gms:play-services-measurement-api:22.4.0] AndroidManifest.xml:22:5-67
MERGED from [com.google.android.gms:play-services-measurement-api:22.4.0] AndroidManifest.xml:22:5-67
MERGED from [com.google.firebase:firebase-installations:18.0.0] AndroidManifest.xml:8:5-67
MERGED from [com.google.firebase:firebase-installations:18.0.0] AndroidManifest.xml:8:5-67
MERGED from [com.google.android.gms:play-services-measurement:22.4.0] AndroidManifest.xml:23:5-67
MERGED from [com.google.android.gms:play-services-measurement:22.4.0] AndroidManifest.xml:23:5-67
MERGED from [com.google.android.gms:play-services-measurement-impl:22.4.0] AndroidManifest.xml:23:5-67
MERGED from [com.google.android.gms:play-services-measurement-impl:22.4.0] AndroidManifest.xml:23:5-67
MERGED from [com.google.android.gms:play-services-cloud-messaging:17.2.0] AndroidManifest.xml:8:5-67
MERGED from [com.google.android.gms:play-services-cloud-messaging:17.2.0] AndroidManifest.xml:8:5-67
MERGED from [com.google.android.gms:play-services-measurement-sdk-api:22.4.0] AndroidManifest.xml:23:5-67
MERGED from [com.google.android.gms:play-services-measurement-sdk-api:22.4.0] AndroidManifest.xml:23:5-67
MERGED from [com.google.android.datatransport:transport-backend-cct:3.1.9] AndroidManifest.xml:25:5-67
MERGED from [com.google.android.datatransport:transport-backend-cct:3.1.9] AndroidManifest.xml:25:5-67
MERGED from [cn.jiguang.sdk:jpush:6.1.0] AndroidManifest.xml:16:5-67
MERGED from [cn.jiguang.sdk:jpush:6.1.0] AndroidManifest.xml:16:5-67
	android:name
		ADDED from src/main/AndroidManifest.xml:2:20-62
uses-permission#android.permission.READ_EXTERNAL_STORAGE
ADDED from src/main/AndroidManifest.xml:3:3-77
MERGED from [:jpush-react-native] AndroidManifest.xml:31:5-80
MERGED from [:jpush-react-native] AndroidManifest.xml:31:5-80
MERGED from [:expo-file-system] AndroidManifest.xml:10:5-80
MERGED from [:expo-file-system] AndroidManifest.xml:10:5-80
MERGED from [:expo-image-picker] AndroidManifest.xml:12:5-80
MERGED from [:expo-image-picker] AndroidManifest.xml:12:5-80
MERGED from [cn.jiguang.sdk:jpush:6.1.0] AndroidManifest.xml:27:5-80
MERGED from [cn.jiguang.sdk:jpush:6.1.0] AndroidManifest.xml:27:5-80
	android:name
		ADDED from src/main/AndroidManifest.xml:3:20-75
uses-permission#android.permission.RECORD_AUDIO
ADDED from src/main/AndroidManifest.xml:4:3-68
	android:name
		ADDED from src/main/AndroidManifest.xml:4:20-66
uses-permission#android.permission.SYSTEM_ALERT_WINDOW
ADDED from src/main/AndroidManifest.xml:5:3-75
	android:name
		ADDED from src/main/AndroidManifest.xml:5:20-73
uses-permission#android.permission.VIBRATE
ADDED from src/main/AndroidManifest.xml:6:3-63
MERGED from [:jpush-react-native] AndroidManifest.xml:22:5-66
MERGED from [:jpush-react-native] AndroidManifest.xml:22:5-66
	android:name
		ADDED from src/main/AndroidManifest.xml:6:20-61
uses-permission#android.permission.WRITE_EXTERNAL_STORAGE
ADDED from src/main/AndroidManifest.xml:7:3-78
MERGED from [:jpush-react-native] AndroidManifest.xml:30:5-81
MERGED from [:jpush-react-native] AndroidManifest.xml:30:5-81
MERGED from [:expo-file-system] AndroidManifest.xml:9:5-81
MERGED from [:expo-file-system] AndroidManifest.xml:9:5-81
MERGED from [:expo-image-picker] AndroidManifest.xml:11:5-81
MERGED from [:expo-image-picker] AndroidManifest.xml:11:5-81
MERGED from [cn.jiguang.sdk:jpush:6.1.0] AndroidManifest.xml:26:5-81
MERGED from [cn.jiguang.sdk:jpush:6.1.0] AndroidManifest.xml:26:5-81
	android:name
		ADDED from src/main/AndroidManifest.xml:7:20-76
uses-permission#android.permission.RECEIVE_BOOT_COMPLETED
ADDED from src/main/AndroidManifest.xml:9:3-78
MERGED from [:expo-notifications] AndroidManifest.xml:7:5-81
MERGED from [:expo-notifications] AndroidManifest.xml:7:5-81
	android:name
		ADDED from src/main/AndroidManifest.xml:9:20-76
uses-permission#android.permission.WAKE_LOCK
ADDED from src/main/AndroidManifest.xml:10:3-65
MERGED from [:react-native-firebase_analytics] AndroidManifest.xml:9:5-68
MERGED from [:react-native-firebase_analytics] AndroidManifest.xml:9:5-68
MERGED from [:react-native-firebase_messaging] AndroidManifest.xml:8:5-68
MERGED from [:react-native-firebase_messaging] AndroidManifest.xml:8:5-68
MERGED from [com.google.firebase:firebase-messaging:24.1.1] AndroidManifest.xml:24:5-68
MERGED from [com.google.firebase:firebase-messaging:24.1.1] AndroidManifest.xml:24:5-68
MERGED from [com.google.android.gms:play-services-measurement-api:22.4.0] AndroidManifest.xml:24:5-68
MERGED from [com.google.android.gms:play-services-measurement-api:22.4.0] AndroidManifest.xml:24:5-68
MERGED from [com.google.android.gms:play-services-measurement:22.4.0] AndroidManifest.xml:25:5-68
MERGED from [com.google.android.gms:play-services-measurement:22.4.0] AndroidManifest.xml:25:5-68
MERGED from [com.google.android.gms:play-services-measurement-impl:22.4.0] AndroidManifest.xml:25:5-68
MERGED from [com.google.android.gms:play-services-measurement-impl:22.4.0] AndroidManifest.xml:25:5-68
MERGED from [com.google.android.gms:play-services-cloud-messaging:17.2.0] AndroidManifest.xml:9:5-68
MERGED from [com.google.android.gms:play-services-cloud-messaging:17.2.0] AndroidManifest.xml:9:5-68
MERGED from [com.google.android.gms:play-services-measurement-sdk-api:22.4.0] AndroidManifest.xml:25:5-68
MERGED from [com.google.android.gms:play-services-measurement-sdk-api:22.4.0] AndroidManifest.xml:25:5-68
	android:name
		ADDED from src/main/AndroidManifest.xml:10:20-63
uses-permission#android.permission.ACCESS_NETWORK_STATE
ADDED from src/main/AndroidManifest.xml:11:3-76
MERGED from [:react-native-firebase_analytics] AndroidManifest.xml:7:5-79
MERGED from [:react-native-firebase_analytics] AndroidManifest.xml:7:5-79
MERGED from [:react-native-firebase_messaging] AndroidManifest.xml:9:5-79
MERGED from [:react-native-firebase_messaging] AndroidManifest.xml:9:5-79
MERGED from [:jpush-react-native] AndroidManifest.xml:13:5-79
MERGED from [:jpush-react-native] AndroidManifest.xml:13:5-79
MERGED from [com.google.firebase:firebase-messaging:24.1.1] AndroidManifest.xml:22:5-79
MERGED from [com.google.firebase:firebase-messaging:24.1.1] AndroidManifest.xml:22:5-79
MERGED from [com.google.android.gms:play-services-measurement-api:22.4.0] AndroidManifest.xml:23:5-79
MERGED from [com.google.android.gms:play-services-measurement-api:22.4.0] AndroidManifest.xml:23:5-79
MERGED from [com.google.firebase:firebase-installations:18.0.0] AndroidManifest.xml:7:5-79
MERGED from [com.google.firebase:firebase-installations:18.0.0] AndroidManifest.xml:7:5-79
MERGED from [com.google.android.gms:play-services-measurement:22.4.0] AndroidManifest.xml:24:5-79
MERGED from [com.google.android.gms:play-services-measurement:22.4.0] AndroidManifest.xml:24:5-79
MERGED from [com.google.android.gms:play-services-measurement-impl:22.4.0] AndroidManifest.xml:24:5-79
MERGED from [com.google.android.gms:play-services-measurement-impl:22.4.0] AndroidManifest.xml:24:5-79
MERGED from [com.google.android.gms:play-services-cloud-messaging:17.2.0] AndroidManifest.xml:7:5-79
MERGED from [com.google.android.gms:play-services-cloud-messaging:17.2.0] AndroidManifest.xml:7:5-79
MERGED from [com.google.android.gms:play-services-measurement-sdk-api:22.4.0] AndroidManifest.xml:24:5-79
MERGED from [com.google.android.gms:play-services-measurement-sdk-api:22.4.0] AndroidManifest.xml:24:5-79
MERGED from [com.google.android.datatransport:transport-backend-cct:3.1.9] AndroidManifest.xml:24:5-79
MERGED from [com.google.android.datatransport:transport-backend-cct:3.1.9] AndroidManifest.xml:24:5-79
MERGED from [com.google.android.datatransport:transport-runtime:3.1.9] AndroidManifest.xml:22:5-79
MERGED from [com.google.android.datatransport:transport-runtime:3.1.9] AndroidManifest.xml:22:5-79
MERGED from [cn.jiguang.sdk:jpush:6.1.0] AndroidManifest.xml:17:5-79
MERGED from [cn.jiguang.sdk:jpush:6.1.0] AndroidManifest.xml:17:5-79
	android:name
		ADDED from src/main/AndroidManifest.xml:11:20-74
uses-permission#com.huawei.android.launcher.permission.CHANGE_BADGE
ADDED from src/main/AndroidManifest.xml:13:3-88
MERGED from [:jpush-react-native] AndroidManifest.xml:16:5-91
MERGED from [:jpush-react-native] AndroidManifest.xml:16:5-91
MERGED from [me.leolin:ShortcutBadger:1.1.22] AndroidManifest.xml:37:5-91
MERGED from [me.leolin:ShortcutBadger:1.1.22] AndroidManifest.xml:37:5-91
	android:name
		ADDED from src/main/AndroidManifest.xml:13:20-86
uses-permission#android.permission.GET_TASKS
ADDED from src/main/AndroidManifest.xml:15:3-65
MERGED from [:jpush-react-native] AndroidManifest.xml:28:5-68
MERGED from [:jpush-react-native] AndroidManifest.xml:28:5-68
	android:name
		ADDED from src/main/AndroidManifest.xml:15:20-63
queries
ADDED from src/main/AndroidManifest.xml:16:3-22:13
MERGED from [:expo-document-picker] AndroidManifest.xml:7:5-18:15
MERGED from [:expo-document-picker] AndroidManifest.xml:7:5-18:15
MERGED from [:expo-file-system] AndroidManifest.xml:12:5-18:15
MERGED from [:expo-file-system] AndroidManifest.xml:12:5-18:15
MERGED from [:expo-image-picker] AndroidManifest.xml:16:5-27:15
MERGED from [:expo-image-picker] AndroidManifest.xml:16:5-27:15
MERGED from [:expo-web-browser] AndroidManifest.xml:7:5-13:15
MERGED from [:expo-web-browser] AndroidManifest.xml:7:5-13:15
MERGED from [com.github.CanHub:Android-Image-Cropper:4.3.1] AndroidManifest.xml:9:5-20:15
MERGED from [com.github.CanHub:Android-Image-Cropper:4.3.1] AndroidManifest.xml:9:5-20:15
intent#action:name:android.intent.action.VIEW+category:name:android.intent.category.BROWSABLE+data:scheme:https
ADDED from src/main/AndroidManifest.xml:17:5-21:14
action#android.intent.action.VIEW
ADDED from src/main/AndroidManifest.xml:18:7-58
	android:name
		ADDED from src/main/AndroidManifest.xml:18:15-56
category#android.intent.category.BROWSABLE
ADDED from src/main/AndroidManifest.xml:19:7-67
	android:name
		ADDED from src/main/AndroidManifest.xml:19:17-65
data
ADDED from src/main/AndroidManifest.xml:20:7-37
	android:scheme
		ADDED from src/main/AndroidManifest.xml:20:13-35
application
ADDED from src/main/AndroidManifest.xml:23:3-48:17
MERGED from src/main/AndroidManifest.xml:23:3-48:17
MERGED from src/main/AndroidManifest.xml:23:3-48:17
INJECTED from src/china/AndroidManifest.xml:5:3-24:17
MERGED from [:react-native-firebase_analytics] AndroidManifest.xml:11:5-39:19
MERGED from [:react-native-firebase_analytics] AndroidManifest.xml:11:5-39:19
MERGED from [:react-native-firebase_messaging] AndroidManifest.xml:11:5-47:19
MERGED from [:react-native-firebase_messaging] AndroidManifest.xml:11:5-47:19
MERGED from [:react-native-firebase_app] AndroidManifest.xml:8:5-28:19
MERGED from [:react-native-firebase_app] AndroidManifest.xml:8:5-28:19
MERGED from [:jcore-react-native] AndroidManifest.xml:7:5-39:19
MERGED from [:jcore-react-native] AndroidManifest.xml:7:5-39:19
MERGED from [:jpush-react-native] AndroidManifest.xml:33:5-54:19
MERGED from [:jpush-react-native] AndroidManifest.xml:33:5-54:19
MERGED from [:expo-clipboard] AndroidManifest.xml:7:5-16:19
MERGED from [:expo-clipboard] AndroidManifest.xml:7:5-16:19
MERGED from [:expo-file-system] AndroidManifest.xml:20:5-31:19
MERGED from [:expo-file-system] AndroidManifest.xml:20:5-31:19
MERGED from [:expo-image-picker] AndroidManifest.xml:29:5-57:19
MERGED from [:expo-image-picker] AndroidManifest.xml:29:5-57:19
MERGED from [:expo-notifications] AndroidManifest.xml:10:5-41:19
MERGED from [:expo-notifications] AndroidManifest.xml:10:5-41:19
MERGED from [:expo-modules-core] AndroidManifest.xml:8:5-16:19
MERGED from [:expo-modules-core] AndroidManifest.xml:8:5-16:19
MERGED from [com.google.android.material:material:1.6.1] AndroidManifest.xml:24:5-20
MERGED from [com.google.android.material:material:1.6.1] AndroidManifest.xml:24:5-20
MERGED from [com.github.CanHub:Android-Image-Cropper:4.3.1] AndroidManifest.xml:22:5-36:19
MERGED from [com.github.CanHub:Android-Image-Cropper:4.3.1] AndroidManifest.xml:22:5-36:19
MERGED from [androidx.constraintlayout:constraintlayout:2.0.1] AndroidManifest.xml:9:5-20
MERGED from [androidx.constraintlayout:constraintlayout:2.0.1] AndroidManifest.xml:9:5-20
MERGED from [com.google.firebase:firebase-messaging:24.1.1] AndroidManifest.xml:28:5-64:19
MERGED from [com.google.firebase:firebase-messaging:24.1.1] AndroidManifest.xml:28:5-64:19
MERGED from [com.google.firebase:firebase-analytics:22.4.0] AndroidManifest.xml:7:5-20
MERGED from [com.google.firebase:firebase-analytics:22.4.0] AndroidManifest.xml:7:5-20
MERGED from [com.google.android.gms:play-services-measurement-api:22.4.0] AndroidManifest.xml:29:5-37:19
MERGED from [com.google.android.gms:play-services-measurement-api:22.4.0] AndroidManifest.xml:29:5-37:19
MERGED from [com.google.firebase:firebase-installations:18.0.0] AndroidManifest.xml:11:5-22:19
MERGED from [com.google.firebase:firebase-installations:18.0.0] AndroidManifest.xml:11:5-22:19
MERGED from [com.google.firebase:firebase-common-ktx:21.0.0] AndroidManifest.xml:8:5-16:19
MERGED from [com.google.firebase:firebase-common-ktx:21.0.0] AndroidManifest.xml:8:5-16:19
MERGED from [com.google.firebase:firebase-common:21.0.0] AndroidManifest.xml:22:5-39:19
MERGED from [com.google.firebase:firebase-common:21.0.0] AndroidManifest.xml:22:5-39:19
MERGED from [com.google.android.gms:play-services-auth:21.3.0] AndroidManifest.xml:22:5-38:19
MERGED from [com.google.android.gms:play-services-auth:21.3.0] AndroidManifest.xml:22:5-38:19
MERGED from [com.google.android.gms:play-services-fido:20.0.1] AndroidManifest.xml:7:5-8:19
MERGED from [com.google.android.gms:play-services-fido:20.0.1] AndroidManifest.xml:7:5-8:19
MERGED from [com.google.android.gms:play-services-measurement:22.4.0] AndroidManifest.xml:28:5-44:19
MERGED from [com.google.android.gms:play-services-measurement:22.4.0] AndroidManifest.xml:28:5-44:19
MERGED from [com.google.android.gms:play-services-measurement-sdk:22.4.0] AndroidManifest.xml:22:5-23:19
MERGED from [com.google.android.gms:play-services-measurement-sdk:22.4.0] AndroidManifest.xml:22:5-23:19
MERGED from [com.google.android.gms:play-services-measurement-impl:22.4.0] AndroidManifest.xml:29:5-30:19
MERGED from [com.google.android.gms:play-services-measurement-impl:22.4.0] AndroidManifest.xml:29:5-30:19
MERGED from [com.google.android.gms:play-services-base:18.5.0] AndroidManifest.xml:4:5-6:19
MERGED from [com.google.android.gms:play-services-base:18.5.0] AndroidManifest.xml:4:5-6:19
MERGED from [com.google.firebase:firebase-iid-interop:17.1.0] AndroidManifest.xml:7:5-8:19
MERGED from [com.google.firebase:firebase-iid-interop:17.1.0] AndroidManifest.xml:7:5-8:19
MERGED from [androidx.emoji2:emoji2:1.2.0] AndroidManifest.xml:23:5-33:19
MERGED from [androidx.emoji2:emoji2:1.2.0] AndroidManifest.xml:23:5-33:19
MERGED from [com.google.android.gms:play-services-stats:17.0.2] AndroidManifest.xml:7:5-20
MERGED from [com.google.android.gms:play-services-stats:17.0.2] AndroidManifest.xml:7:5-20
MERGED from [androidx.lifecycle:lifecycle-process:2.6.1] AndroidManifest.xml:23:5-33:19
MERGED from [androidx.lifecycle:lifecycle-process:2.6.1] AndroidManifest.xml:23:5-33:19
MERGED from [androidx.privacysandbox.ads:ads-adservices:1.1.0-beta11] AndroidManifest.xml:22:5-26:19
MERGED from [androidx.privacysandbox.ads:ads-adservices:1.1.0-beta11] AndroidManifest.xml:22:5-26:19
MERGED from [androidx.core:core:1.12.0] AndroidManifest.xml:28:5-89
MERGED from [androidx.core:core:1.12.0] AndroidManifest.xml:28:5-89
MERGED from [com.google.android.gms:play-services-tasks:18.2.0] AndroidManifest.xml:4:5-20
MERGED from [com.google.android.gms:play-services-tasks:18.2.0] AndroidManifest.xml:4:5-20
MERGED from [com.google.firebase:firebase-measurement-connector:19.0.0] AndroidManifest.xml:22:5-23:19
MERGED from [com.google.firebase:firebase-measurement-connector:19.0.0] AndroidManifest.xml:22:5-23:19
MERGED from [com.google.android.gms:play-services-ads-identifier:18.0.0] AndroidManifest.xml:25:5-20
MERGED from [com.google.android.gms:play-services-ads-identifier:18.0.0] AndroidManifest.xml:25:5-20
MERGED from [com.google.android.gms:play-services-measurement-base:22.4.0] AndroidManifest.xml:7:5-20